TN:
SF:/Volumes/HDMac/Projetos/Fluig/AngularFluig/src/br/br-masks.js
FNF:0
FNH:0
DA:3,1
DA:16,1
LF:2
LH:2
BRF:0
BRH:0
end_of_record
TN:
SF:/Volumes/HDMac/Projetos/Fluig/AngularFluig/src/helpers.js
FN:9,(anonymous_1)
FN:10,clearDelimitersAndLeadingZeros
FN:19,prepareNumberToFormatter
FN:28,(anonymous_4)
FN:30,(anonymous_5)
FN:44,(anonymous_6)
FNF:6
FNH:6
FNDA:41,(anonymous_1)
FNDA:85,clearDelimitersAndLeadingZeros
FNDA:24,prepareNumberToFormatter
FNDA:25,(anonymous_4)
FNDA:32,(anonymous_5)
FNDA:32,(anonymous_6)
DA:3,1
DA:5,1
DA:7,1
DA:9,1
DA:10,1
DA:11,85
DA:12,1
DA:15,84
DA:16,84
DA:19,1
DA:20,24
DA:23,41
DA:29,25
DA:31,32
DA:33,32
DA:34,29
DA:35,29
DA:36,62
DA:40,32
DA:45,32
DA:47,32
DA:48,29
DA:49,29
DA:50,84
DA:54,32
LF:25
LH:25
BRDA:11,1,0,1
BRDA:11,1,1,84
BRDA:33,2,0,29
BRDA:33,2,1,3
BRDA:47,3,0,29
BRDA:47,3,1,3
BRF:6
BRH:6
end_of_record
TN:
SF:/Volumes/HDMac/Projetos/Fluig/AngularFluig/src/br/boleto-bancario/boleto-bancario.js
FN:9,(anonymous_1)
FN:12,(anonymous_2)
FN:20,(anonymous_3)
FNF:3
FNH:3
FNDA:15,(anonymous_1)
FNDA:15,(anonymous_2)
FNDA:14,(anonymous_3)
DA:3,1
DA:4,1
DA:6,1
DA:8,1
DA:10,15
DA:13,15
DA:14,1
DA:17,14
DA:21,14
LF:9
LH:9
BRDA:13,1,0,1
BRDA:13,1,1,14
BRF:2
BRH:2
end_of_record
TN:
SF:/Volumes/HDMac/Projetos/Fluig/AngularFluig/src/br/cep/cep.js
FN:9,(anonymous_1)
FN:12,(anonymous_2)
FN:16,(anonymous_3)
FNF:3
FNH:3
FNDA:14,(anonymous_1)
FNDA:14,(anonymous_2)
FNDA:13,(anonymous_3)
DA:3,1
DA:4,1
DA:6,1
DA:8,1
DA:10,14
DA:13,14
DA:17,13
LF:7
LH:7
BRDA:13,1,0,14
BRDA:13,1,1,1
BRF:2
BRH:2
end_of_record
TN:
SF:/Volumes/HDMac/Projetos/Fluig/AngularFluig/src/br/cnpj/cnpj.js
FN:10,(anonymous_1)
FN:13,(anonymous_2)
FN:17,(anonymous_3)
FNF:3
FNH:3
FNDA:16,(anonymous_1)
FNDA:16,(anonymous_2)
FNDA:15,(anonymous_3)
DA:3,1
DA:4,1
DA:5,1
DA:7,1
DA:9,1
DA:11,16
DA:14,16
DA:18,15
LF:8
LH:8
BRDA:14,1,0,16
BRDA:14,1,1,1
BRF:2
BRH:2
end_of_record
TN:
SF:/Volumes/HDMac/Projetos/Fluig/AngularFluig/src/br/cpf/cpf.js
FN:10,(anonymous_1)
FN:13,(anonymous_2)
FN:17,(anonymous_3)
FNF:3
FNH:3
FNDA:15,(anonymous_1)
FNDA:15,(anonymous_2)
FNDA:14,(anonymous_3)
DA:3,1
DA:4,1
DA:5,1
DA:7,1
DA:9,1
DA:11,15
DA:14,15
DA:18,14
LF:8
LH:8
BRDA:14,1,0,15
BRDA:14,1,1,1
BRF:2
BRH:2
end_of_record
TN:
SF:/Volumes/HDMac/Projetos/Fluig/AngularFluig/src/br/cpf-cnpj/cpf-cnpj.js
FN:11,(anonymous_1)
FN:14,(anonymous_2)
FN:26,(anonymous_3)
FN:29,(anonymous_4)
FNF:4
FNH:4
FNDA:19,(anonymous_1)
FNDA:19,(anonymous_2)
FNDA:18,(anonymous_3)
FNDA:18,(anonymous_4)
DA:3,1
DA:4,1
DA:5,1
DA:7,1
DA:8,1
DA:10,1
DA:12,19
DA:15,19
DA:17,19
DA:18,4
DA:20,15
DA:23,19
DA:27,18
DA:30,18
LF:14
LH:14
BRDA:17,1,0,4
BRDA:17,1,1,15
BRDA:20,2,0,15
BRDA:20,2,1,1
BRDA:27,3,0,18
BRDA:27,3,1,14
BRDA:30,4,0,18
BRDA:30,4,1,4
BRF:8
BRH:8
end_of_record
TN:
SF:/Volumes/HDMac/Projetos/Fluig/AngularFluig/src/br/inscricao-estadual/ie.js
FN:6,BrIeMaskDirective
FN:41,clearValue
FN:49,getMask
FN:67,applyIEMask
FN:88,(anonymous_5)
FN:91,formatter
FN:99,parser
FN:122,validator
FN:126,(anonymous_9)
FNF:9
FNH:9
FNDA:6,BrIeMaskDirective
FNDA:33,clearValue
FNDA:23,getMask
FNDA:23,applyIEMask
FNDA:6,(anonymous_5)
FNDA:11,formatter
FNDA:22,parser
FNDA:33,validator
FNDA:6,(anonymous_9)
DA:3,1
DA:4,1
DA:6,1
DA:7,6
DA:41,1
DA:42,33
DA:43,1
DA:46,32
DA:49,1
DA:50,23
DA:51,8
DA:54,15
DA:55,2
DA:58,13
DA:59,13
DA:60,13
DA:61,0
DA:64,13
DA:67,1
DA:68,23
DA:70,23
DA:71,8
DA:74,15
DA:75,15
DA:76,15
DA:78,15
DA:79,2
DA:82,13
DA:85,6
DA:89,6
DA:91,1
DA:92,11
DA:93,6
DA:96,5
DA:99,1
DA:100,22
DA:101,4
DA:104,18
DA:105,18
DA:107,18
DA:108,7
DA:109,7
DA:112,18
DA:113,1
DA:116,17
DA:119,6
DA:120,6
DA:122,6
DA:123,33
DA:126,6
DA:127,6
DA:129,6
DA:130,6
DA:135,1
DA:137,1
LF:55
LH:54
BRDA:42,1,0,1
BRDA:42,1,1,32
BRDA:50,2,0,8
BRDA:50,2,1,15
BRDA:50,3,0,23
BRDA:50,3,1,20
BRDA:54,4,0,2
BRDA:54,4,1,13
BRDA:54,5,0,15
BRDA:54,5,1,2
BRDA:60,6,0,13
BRDA:60,6,1,0
BRDA:60,6,2,0
BRDA:70,7,0,8
BRDA:70,7,1,15
BRDA:75,8,0,15
BRDA:75,8,1,1
BRDA:78,9,0,2
BRDA:78,9,1,13
BRDA:78,10,0,15
BRDA:78,10,1,2
BRDA:89,11,0,6
BRDA:89,11,1,1
BRDA:92,12,0,6
BRDA:92,12,1,5
BRDA:100,13,0,4
BRDA:100,13,1,18
BRDA:107,14,0,7
BRDA:107,14,1,11
BRDA:112,15,0,1
BRDA:112,15,1,17
BRDA:112,16,0,18
BRDA:112,16,1,16
BRDA:112,16,2,1
BRDA:123,17,0,33
BRDA:123,17,1,22
BRDA:127,18,0,6
BRDA:127,18,1,1
BRF:38
BRH:36
end_of_record
TN:
SF:/Volumes/HDMac/Projetos/Fluig/AngularFluig/src/br/nfe/nfe.js
FN:10,(anonymous_1)
FN:13,(anonymous_2)
FN:17,(anonymous_3)
FNF:3
FNH:3
FNDA:12,(anonymous_1)
FNDA:12,(anonymous_2)
FNDA:11,(anonymous_3)
DA:3,1
DA:4,1
DA:6,1
DA:9,1
DA:11,12
DA:14,12
DA:18,11
LF:7
LH:7
BRDA:14,1,0,12
BRDA:14,1,1,1
BRF:2
BRH:2
end_of_record
TN:
SF:/Volumes/HDMac/Projetos/Fluig/AngularFluig/src/br/car-plate/car-plate.js
FN:9,(anonymous_1)
FN:12,(anonymous_2)
FN:16,(anonymous_3)
FNF:3
FNH:3
FNDA:11,(anonymous_1)
FNDA:11,(anonymous_2)
FNDA:10,(anonymous_3)
DA:3,1
DA:4,1
DA:6,1
DA:8,1
DA:10,11
DA:13,11
DA:17,10
LF:7
LH:7
BRDA:13,1,0,11
BRDA:13,1,1,1
BRF:2
BRH:2
end_of_record
TN:
SF:/Volumes/HDMac/Projetos/Fluig/AngularFluig/src/br/phone/br-phone.js
FN:15,(anonymous_1)
FN:18,(anonymous_2)
FN:30,(anonymous_3)
FN:36,(anonymous_4)
FNF:4
FNH:4
FNDA:39,(anonymous_1)
FNDA:22,(anonymous_2)
FNDA:17,(anonymous_3)
FNDA:21,(anonymous_4)
DA:3,1
DA:4,1
DA:10,1
DA:14,1
DA:16,39
DA:19,22
DA:20,22
DA:21,3
DA:22,19
DA:23,14
DA:25,5
DA:28,22
DA:31,17
DA:33,17
DA:37,21
DA:38,21
LF:16
LH:16
BRDA:20,1,0,3
BRDA:20,1,1,19
BRDA:22,2,0,14
BRDA:22,2,1,5
BRDA:23,3,0,14
BRDA:23,3,1,1
BRDA:33,4,0,0
BRDA:33,4,1,17
BRDA:37,5,0,21
BRDA:37,5,1,21
BRDA:38,6,0,21
BRDA:38,6,1,19
BRF:12
BRH:11
end_of_record
TN:
SF:/Volumes/HDMac/Projetos/Fluig/AngularFluig/src/ch/ch-masks.js
FNF:0
FNH:0
DA:3,1
DA:8,1
LF:2
LH:2
BRF:0
BRH:0
end_of_record
TN:
SF:/Volumes/HDMac/Projetos/Fluig/AngularFluig/src/ch/phone/ch-phone.js
FN:9,(anonymous_1)
FN:12,(anonymous_2)
FN:20,(anonymous_3)
FNF:3
FNH:3
FNDA:18,(anonymous_1)
FNDA:18,(anonymous_2)
FNDA:17,(anonymous_3)
DA:3,1
DA:4,1
DA:6,1
DA:8,1
DA:10,18
DA:13,18
DA:15,18
DA:17,18
DA:21,17
DA:22,17
LF:10
LH:10
BRDA:15,1,0,18
BRDA:15,1,1,1
BRDA:21,2,0,17
BRDA:21,2,1,17
BRF:4
BRH:4
end_of_record
TN:
SF:/Volumes/HDMac/Projetos/Fluig/AngularFluig/src/global/global-masks.js
FNF:0
FNH:0
DA:3,1
DA:14,1
LF:2
LH:2
BRF:0
BRH:0
end_of_record
TN:
SF:/Volumes/HDMac/Projetos/Fluig/AngularFluig/src/global/date/date.js
FN:6,isISODateString
FN:11,DateMaskDirective
FN:21,(anonymous_3)
FN:24,formatter
FN:42,parser
FN:57,validator
FNF:6
FNH:6
FNDA:11,isISODateString
FNDA:5,DateMaskDirective
FNDA:4,(anonymous_3)
FNDA:18,formatter
FNDA:12,parser
FNDA:19,validator
DA:3,1
DA:4,1
DA:6,1
DA:7,11
DA:11,1
DA:12,5
DA:16,5
DA:18,5
DA:22,4
DA:24,1
DA:25,18
DA:26,6
DA:29,12
DA:30,12
DA:31,1
DA:34,12
DA:35,12
DA:37,12
DA:40,4
DA:42,4
DA:43,12
DA:44,1
DA:47,11
DA:49,11
DA:50,6
DA:51,6
DA:54,11
DA:57,4
DA:58,19
DA:59,7
DA:62,12
DA:67,1
DA:69,1
LF:33
LH:33
BRDA:16,1,0,5
BRDA:16,1,1,5
BRDA:25,2,0,6
BRDA:25,2,1,12
BRDA:30,3,0,1
BRDA:30,3,1,11
BRDA:30,4,0,12
BRDA:30,4,1,11
BRDA:35,5,0,12
BRDA:35,5,1,1
BRDA:43,6,0,1
BRDA:43,6,1,11
BRDA:49,7,0,6
BRDA:49,7,1,5
BRDA:58,8,0,7
BRDA:58,8,1,12
BRDA:62,9,0,12
BRDA:62,9,1,11
BRF:18
BRH:18
end_of_record
TN:
SF:/Volumes/HDMac/Projetos/Fluig/AngularFluig/src/global/money/money.js
FN:6,MoneyMaskDirective
FN:10,(anonymous_2)
FN:18,maskFactory
FN:45,formatter
FN:54,parser
FN:88,(anonymous_6)
FN:100,(anonymous_7)
FN:104,(anonymous_8)
FN:113,(anonymous_9)
FN:117,(anonymous_10)
FNF:10
FNH:10
FNDA:16,MoneyMaskDirective
FNDA:15,(anonymous_2)
FNDA:21,maskFactory
FNDA:21,formatter
FNDA:38,parser
FNDA:6,(anonymous_6)
FNDA:6,(anonymous_7)
FNDA:1,(anonymous_8)
FNDA:6,(anonymous_9)
FNDA:1,(anonymous_10)
DA:3,1
DA:4,1
DA:6,1
DA:7,16
DA:11,15
DA:18,1
DA:19,21
DA:20,21
DA:21,21
DA:24,15
DA:25,1
DA:28,15
DA:29,1
DA:32,15
DA:33,2
DA:34,2
DA:35,1
DA:39,15
DA:40,12
DA:42,15
DA:43,15
DA:45,1
DA:46,21
DA:47,7
DA:49,14
DA:50,14
DA:51,14
DA:54,1
DA:55,38
DA:56,2
DA:59,36
DA:60,36
DA:61,36
DA:62,36
DA:64,36
DA:65,0
DA:70,0
DA:71,0
DA:72,0
DA:76,36
DA:77,17
DA:78,17
DA:81,36
DA:84,15
DA:85,15
DA:87,15
DA:88,3
DA:89,6
DA:90,6
DA:91,6
DA:93,6
DA:97,15
DA:98,1
DA:100,1
DA:101,6
DA:104,1
DA:105,1
DA:106,1
DA:110,15
DA:111,1
DA:113,1
DA:114,6
DA:117,1
DA:118,1
DA:119,1
DA:125,1
DA:127,1
LF:67
LH:63
BRDA:19,1,0,21
BRDA:19,1,1,0
BRDA:24,2,0,1
BRDA:24,2,1,14
BRDA:28,3,0,1
BRDA:28,3,1,14
BRDA:32,4,0,2
BRDA:32,4,1,13
BRDA:34,5,0,1
BRDA:34,5,1,1
BRDA:39,6,0,12
BRDA:39,6,1,3
BRDA:46,7,0,7
BRDA:46,7,1,14
BRDA:49,8,0,1
BRDA:49,8,1,13
BRDA:49,9,0,14
BRDA:49,9,1,1
BRDA:55,10,0,2
BRDA:55,10,1,36
BRDA:61,11,0,36
BRDA:61,11,1,1
BRDA:64,12,0,0
BRDA:64,12,1,36
BRDA:70,13,0,0
BRDA:70,13,1,0
BRDA:70,14,0,0
BRDA:70,14,1,0
BRDA:76,15,0,17
BRDA:76,15,1,19
BRDA:81,16,0,36
BRDA:81,16,1,0
BRDA:87,17,0,3
BRDA:87,17,1,12
BRDA:89,18,0,1
BRDA:89,18,1,5
BRDA:97,19,0,1
BRDA:97,19,1,14
BRDA:110,20,0,1
BRDA:110,20,1,14
BRF:40
BRH:33
end_of_record
TN:
SF:/Volumes/HDMac/Projetos/Fluig/AngularFluig/src/global/number/number.js
FN:5,NumberMaskDirective
FN:9,(anonymous_2)
FN:25,parser
FN:54,formatter
FN:64,clearViewValueIfMinusSign
FN:77,(anonymous_6)
FN:89,(anonymous_7)
FN:93,(anonymous_8)
FN:102,(anonymous_9)
FN:106,(anonymous_10)
FNF:10
FNH:10
FNDA:13,NumberMaskDirective
FNDA:12,(anonymous_2)
FNDA:33,parser
FNDA:17,formatter
FNDA:1,clearViewValueIfMinusSign
FNDA:2,(anonymous_6)
FNDA:4,(anonymous_7)
FNDA:1,(anonymous_8)
FNDA:4,(anonymous_9)
FNDA:1,(anonymous_10)
DA:3,1
DA:5,1
DA:6,13
DA:10,12
DA:14,12
DA:15,1
DA:18,12
DA:19,10
DA:22,12
DA:25,1
DA:26,33
DA:27,4
DA:30,29
DA:31,29
DA:32,29
DA:34,29
DA:35,7
DA:40,7
DA:41,5
DA:42,5
DA:46,29
DA:47,12
DA:48,12
DA:51,29
DA:54,1
DA:55,17
DA:56,7
DA:59,10
DA:60,10
DA:61,10
DA:64,1
DA:65,1
DA:66,1
DA:67,1
DA:71,12
DA:73,12
DA:74,12
DA:76,12
DA:77,2
DA:78,2
DA:79,2
DA:80,2
DA:82,2
DA:86,12
DA:87,1
DA:89,1
DA:90,4
DA:93,1
DA:94,1
DA:95,1
DA:99,12
DA:100,1
DA:102,1
DA:103,4
DA:106,1
DA:107,1
DA:108,1
DA:114,1
DA:116,1
LF:59
LH:59
BRDA:14,1,0,1
BRDA:14,1,1,11
BRDA:18,2,0,10
BRDA:18,2,1,2
BRDA:26,3,0,4
BRDA:26,3,1,29
BRDA:30,4,0,29
BRDA:30,4,1,1
BRDA:34,5,0,7
BRDA:34,5,1,22
BRDA:40,6,0,5
BRDA:40,6,1,2
BRDA:40,7,0,7
BRDA:40,7,1,3
BRDA:42,8,0,4
BRDA:42,8,1,1
BRDA:46,9,0,12
BRDA:46,9,1,17
BRDA:55,10,0,7
BRDA:55,10,1,10
BRDA:59,11,0,1
BRDA:59,11,1,9
BRDA:59,12,0,10
BRDA:59,12,1,1
BRDA:65,13,0,1
BRDA:65,13,1,0
BRDA:76,14,0,2
BRDA:76,14,1,10
BRDA:78,15,0,0
BRDA:78,15,1,2
BRDA:86,16,0,1
BRDA:86,16,1,11
BRDA:99,17,0,1
BRDA:99,17,1,11
BRF:34
BRH:32
end_of_record
TN:
SF:/Volumes/HDMac/Projetos/Fluig/AngularFluig/src/global/percentage/percentage.js
FN:5,PercentageMaskDirective
FN:6,preparePercentageToFormatter
FN:13,(anonymous_3)
FN:20,(anonymous_4)
FN:50,formatter
FN:59,parse
FN:87,(anonymous_7)
FN:106,(anonymous_8)
FN:110,(anonymous_9)
FN:119,(anonymous_10)
FN:123,(anonymous_11)
FNF:11
FNH:10
FNDA:12,PercentageMaskDirective
FNDA:12,preparePercentageToFormatter
FNDA:11,(anonymous_3)
FNDA:0,(anonymous_4)
FNDA:15,formatter
FNDA:21,parse
FNDA:7,(anonymous_7)
FNDA:6,(anonymous_8)
FNDA:1,(anonymous_9)
FNDA:6,(anonymous_10)
FNDA:1,(anonymous_11)
DA:3,1
DA:5,1
DA:6,1
DA:7,12
DA:10,12
DA:14,11
DA:20,11
DA:21,0
DA:24,11
DA:29,11
DA:30,1
DA:33,11
DA:34,1
DA:37,11
DA:38,3
DA:39,3
DA:42,11
DA:43,11
DA:46,11
DA:47,11
DA:50,1
DA:51,15
DA:52,3
DA:55,12
DA:56,12
DA:59,1
DA:60,21
DA:61,1
DA:64,20
DA:65,20
DA:66,4
DA:68,20
DA:69,0
DA:71,20
DA:72,20
DA:73,20
DA:75,20
DA:76,9
DA:77,9
DA:80,20
DA:83,11
DA:84,11
DA:86,11
DA:87,3
DA:88,7
DA:90,7
DA:91,4
DA:92,4
DA:95,7
DA:96,7
DA:97,7
DA:99,7
DA:103,11
DA:104,1
DA:106,1
DA:107,6
DA:110,1
DA:111,1
DA:112,1
DA:116,11
DA:117,1
DA:119,1
DA:120,6
DA:123,1
DA:124,1
DA:125,1
DA:131,1
DA:133,1
LF:68
LH:66
BRDA:29,1,0,1
BRDA:29,1,1,10
BRDA:33,2,0,1
BRDA:33,2,1,10
BRDA:37,3,0,3
BRDA:37,3,1,8
BRDA:42,4,0,11
BRDA:42,4,1,0
BRDA:51,5,0,3
BRDA:51,5,1,12
BRDA:60,6,0,1
BRDA:60,6,1,20
BRDA:64,7,0,20
BRDA:64,7,1,0
BRDA:65,8,0,4
BRDA:65,8,1,16
BRDA:65,9,0,20
BRDA:65,9,1,20
BRDA:68,10,0,0
BRDA:68,10,1,20
BRDA:68,11,0,20
BRDA:68,11,1,0
BRDA:68,11,2,0
BRDA:71,12,0,2
BRDA:71,12,1,18
BRDA:75,13,0,9
BRDA:75,13,1,11
BRDA:86,14,0,3
BRDA:86,14,1,8
BRDA:88,15,0,2
BRDA:88,15,1,5
BRDA:90,16,0,4
BRDA:90,16,1,3
BRDA:103,17,0,1
BRDA:103,17,1,10
BRDA:116,18,0,1
BRDA:116,18,1,10
BRF:37
BRH:32
end_of_record
TN:
SF:/Volumes/HDMac/Projetos/Fluig/AngularFluig/src/global/scientific-notation/scientific-notation.js
FN:5,ScientificNotationMaskDirective
FN:9,significandMaskBuilder
FN:27,(anonymous_3)
FN:36,splitNumber
FN:47,formatter
FN:93,parser
FN:112,validator
FNF:7
FNH:7
FNDA:4,ScientificNotationMaskDirective
FNDA:3,significandMaskBuilder
FNDA:3,(anonymous_3)
FNDA:5,splitNumber
FNDA:8,formatter
FNDA:1,parser
FNDA:6,validator
DA:3,1
DA:5,1
DA:6,4
DA:9,1
DA:10,3
DA:12,3
DA:13,3
DA:14,3
DA:15,6
DA:19,3
DA:24,4
DA:28,3
DA:30,3
DA:31,3
DA:34,3
DA:36,1
DA:37,5
DA:40,5
DA:47,1
DA:48,8
DA:49,3
DA:52,5
DA:53,3
DA:54,2
DA:55,2
DA:58,5
DA:59,5
DA:61,5
DA:62,5
DA:63,5
DA:64,4
DA:67,5
DA:75,5
DA:76,0
DA:77,0
DA:80,5
DA:82,5
DA:83,1
DA:86,5
DA:87,1
DA:90,5
DA:93,1
DA:94,1
DA:95,1
DA:98,0
DA:101,0
DA:102,0
DA:103,0
DA:106,0
DA:109,3
DA:110,3
DA:112,3
DA:113,6
DA:118,1
DA:120,1
LF:55
LH:48
BRDA:12,1,0,3
BRDA:12,1,1,0
BRDA:30,2,0,3
BRDA:30,2,1,0
BRDA:48,3,0,3
BRDA:48,3,1,5
BRDA:52,4,0,3
BRDA:52,4,1,2
BRDA:54,5,0,2
BRDA:54,5,1,0
BRDA:61,6,0,5
BRDA:61,6,1,1
BRDA:63,7,0,4
BRDA:63,7,1,1
BRDA:68,8,0,5
BRDA:68,8,1,4
BRDA:68,8,2,1
BRDA:68,8,3,1
BRDA:68,8,4,1
BRDA:68,8,5,0
BRDA:75,9,0,0
BRDA:75,9,1,5
BRDA:82,10,0,1
BRDA:82,10,1,4
BRDA:86,11,0,1
BRDA:86,11,1,4
BRDA:94,12,0,1
BRDA:94,12,1,0
BRDA:101,13,0,0
BRDA:101,13,1,0
BRDA:113,14,0,6
BRDA:113,14,1,2
BRF:32
BRH:24
end_of_record
TN:
SF:/Volumes/HDMac/Projetos/Fluig/AngularFluig/src/global/time/time.js
FN:5,TimeMaskDirective
FN:9,(anonymous_2)
FN:20,formatter
FN:31,parser
FN:47,(anonymous_5)
FN:52,(anonymous_6)
FNF:6
FNH:6
FNDA:5,TimeMaskDirective
FNDA:4,(anonymous_2)
FNDA:13,formatter
FNDA:10,parser
FNDA:14,(anonymous_5)
FNDA:16,(anonymous_6)
DA:3,1
DA:5,1
DA:6,5
DA:10,4
DA:12,4
DA:13,1
DA:16,4
DA:17,4
DA:18,4
DA:20,1
DA:21,13
DA:22,2
DA:25,11
DA:26,11
DA:29,4
DA:31,4
DA:32,10
DA:33,1
DA:36,9
DA:37,9
DA:39,9
DA:40,5
DA:41,5
DA:44,9
DA:47,4
DA:48,14
DA:49,4
DA:52,10
DA:53,16
DA:56,10
DA:60,10
LF:31
LH:31
BRDA:12,1,0,1
BRDA:12,1,1,3
BRDA:12,2,0,4
BRDA:12,2,1,4
BRDA:21,3,0,2
BRDA:21,3,1,11
BRDA:25,4,0,11
BRDA:25,4,1,1
BRDA:26,5,0,11
BRDA:26,5,1,1
BRDA:32,6,0,1
BRDA:32,6,1,9
BRDA:39,7,0,5
BRDA:39,7,1,4
BRDA:48,8,0,4
BRDA:48,8,1,10
BRDA:58,9,0,10
BRDA:58,9,1,8
BRDA:60,10,0,10
BRDA:60,10,1,2
BRDA:60,10,2,2
BRDA:60,10,3,2
BRF:22
BRH:22
end_of_record
TN:
SF:/Volumes/HDMac/Projetos/Fluig/AngularFluig/src/global/credit-card/credit-card.js
FN:11,(anonymous_1)
FN:14,(anonymous_2)
FN:22,(anonymous_3)
FNF:3
FNH:3
FNDA:20,(anonymous_1)
FNDA:20,(anonymous_2)
FNDA:19,(anonymous_3)
DA:3,1
DA:4,1
DA:6,1
DA:8,1
DA:10,1
DA:12,20
DA:15,20
DA:17,20
DA:19,20
DA:23,19
DA:24,19
LF:11
LH:11
BRDA:17,1,0,20
BRDA:17,1,1,1
BRDA:23,2,0,19
BRDA:23,2,1,19
BRF:4
BRH:4
end_of_record
TN:
SF:/Volumes/HDMac/Projetos/Fluig/AngularFluig/src/us/us-masks.js
FNF:0
FNH:0
DA:3,1
DA:8,1
LF:2
LH:2
BRF:0
BRH:0
end_of_record
TN:
SF:/Volumes/HDMac/Projetos/Fluig/AngularFluig/src/us/phone/us-phone.js
FN:10,(anonymous_1)
FN:13,(anonymous_2)
FN:25,(anonymous_3)
FNF:3
FNH:3
FNDA:17,(anonymous_1)
FNDA:17,(anonymous_2)
FNDA:16,(anonymous_3)
DA:3,1
DA:4,1
DA:6,1
DA:9,1
DA:11,17
DA:14,17
DA:16,17
DA:17,15
DA:19,2
DA:22,17
DA:26,16
LF:11
LH:11
BRDA:16,1,0,15
BRDA:16,1,1,2
BRDA:17,2,0,15
BRDA:17,2,1,1
BRDA:26,3,0,16
BRDA:26,3,1,16
BRF:6
BRH:6
end_of_record
TN:
SF:/Volumes/HDMac/Projetos/Fluig/AngularFluig/index.js
FNF:0
FNH:0
DA:3,1
DA:5,1
LF:2
LH:2
BRF:0
BRH:0
end_of_record
TN:
SF:/Volumes/HDMac/Projetos/Fluig/AngularFluig/src/angular-fluig.js
FNF:0
FNH:0
DA:3,1
LF:1
LH:1
BRF:0
BRH:0
end_of_record
TN:
SF:/Volumes/HDMac/Projetos/Fluig/AngularFluig/src/fluig/fluig-ui.js
FNF:0
FNH:0
DA:3,1
DA:8,1
LF:2
LH:2
BRF:0
BRH:0
end_of_record
TN:
SF:/Volumes/HDMac/Projetos/Fluig/AngularFluig/src/fluig/autocomplete/autocomplete.js
FN:3,AutocompleteDirective
FN:8,(anonymous_2)
FN:10,loadData
FN:13,(anonymous_4)
FN:19,(anonymous_5)
FN:32,(anonymous_6)
FN:38,(anonymous_7)
FN:48,(anonymous_8)
FN:51,(anonymous_9)
FNF:9
FNH:0
FNDA:0,AutocompleteDirective
FNDA:0,(anonymous_2)
FNDA:0,loadData
FNDA:0,(anonymous_4)
FNDA:0,(anonymous_5)
FNDA:0,(anonymous_6)
FNDA:0,(anonymous_7)
FNDA:0,(anonymous_8)
FNDA:0,(anonymous_9)
DA:3,1
DA:5,0
DA:10,1
DA:12,0
DA:13,0
DA:15,0
DA:16,0
DA:21,0
DA:32,0
DA:34,0
DA:36,0
DA:38,0
DA:39,0
DA:40,0
DA:49,0
DA:52,0
DA:55,0
DA:56,0
DA:66,1
LF:19
LH:3
BRDA:12,1,0,0
BRDA:12,1,1,0
BRDA:21,2,0,0
BRDA:21,2,1,0
BRDA:21,2,2,0
BRDA:21,2,3,0
BRDA:21,2,4,0
BRDA:21,2,5,0
BRDA:36,3,0,0
BRDA:36,3,1,0
BRDA:36,4,0,0
BRDA:36,4,1,0
BRDA:39,5,0,0
BRDA:39,5,1,0
BRDA:55,6,0,0
BRDA:55,6,1,0
BRF:16
BRH:0
end_of_record
